{"name":"sfdx","hostname":"IN-dhussian-LT","pid":10608,"log":"DataSoqlQueryCommand","level":50,"msg":"[ 'ERROR running force:data:soql:query: ',\n  '\\nfrom contacts) from Account where limit 10\\n                                 ^\\nERROR at Row:1:Column:82\\nunexpected token: \\'limit\\'' ]","time":"2020-04-06T08:04:01.494Z","v":0}
{"name":"sfdx","hostname":"IN-dhussian-LT","pid":10608,"log":"SpawnedTelemetry","level":40,"msg":"Insights logging in enabled. This can be disabled by setting SFDX_DISABLE_INSIGHTS=true","time":"2020-04-06T08:04:03.027Z","v":0}
{"name":"sfdx","hostname":"IN-dhussian-LT","pid":12324,"log":"TelemetryReporter","level":40,"msg":"Insights logging in enabled. This can be disabled by setting SFDX_DISABLE_INSIGHTS=true","time":"2020-04-06T08:04:04.590Z","v":0}
{"name":"sfdx","hostname":"IN-dhussian-LT","pid":16532,"log":"DataSoqlQueryCommand","level":50,"msg":"[ 'ERROR running force:data:soql:query: ',\n  '\\nselect id, name, Actice__c from Account where Active__c\\n                 ^\\nERROR at Row:1:Column:18\\nNo such column \\'Actice__c\\' on entity \\'Account\\'. If you are attempting to use a custom field, be sure to append the \\'__c\\' after the custom field name. Please reference your WSDL or the describe call for the appropriate names.' ]","time":"2020-04-06T08:07:01.946Z","v":0}
{"name":"sfdx","hostname":"IN-dhussian-LT","pid":16532,"log":"SpawnedTelemetry","level":40,"msg":"Insights logging in enabled. This can be disabled by setting SFDX_DISABLE_INSIGHTS=true","time":"2020-04-06T08:07:01.957Z","v":0}
{"name":"sfdx","hostname":"IN-dhussian-LT","pid":1088,"log":"TelemetryReporter","level":40,"msg":"Insights logging in enabled. This can be disabled by setting SFDX_DISABLE_INSIGHTS=true","time":"2020-04-06T08:07:03.549Z","v":0}
{"name":"sfdx","hostname":"IN-dhussian-LT","pid":10596,"log":"SpawnedTelemetry","level":40,"msg":"Insights logging in enabled. This can be disabled by setting SFDX_DISABLE_INSIGHTS=true","time":"2020-04-06T08:17:51.631Z","v":0}
{"name":"sfdx","hostname":"IN-dhussian-LT","pid":21096,"log":"TelemetryReporter","level":40,"msg":"Insights logging in enabled. This can be disabled by setting SFDX_DISABLE_INSIGHTS=true","time":"2020-04-06T08:17:53.141Z","v":0}
{"name":"sfdx","hostname":"IN-dhussian-LT","pid":19660,"log":"SpawnedTelemetry","level":40,"msg":"Insights logging in enabled. This can be disabled by setting SFDX_DISABLE_INSIGHTS=true","time":"2020-04-06T08:19:14.471Z","v":0}
{"name":"sfdx","hostname":"IN-dhussian-LT","pid":772,"log":"TelemetryReporter","level":40,"msg":"Insights logging in enabled. This can be disabled by setting SFDX_DISABLE_INSIGHTS=true","time":"2020-04-06T08:19:15.975Z","v":0}
{"name":"sfdx","hostname":"IN-dhussian-LT","pid":21140,"log":"SpawnedTelemetry","level":40,"msg":"Insights logging in enabled. This can be disabled by setting SFDX_DISABLE_INSIGHTS=true","time":"2020-04-06T08:34:38.625Z","v":0}
{"name":"sfdx","hostname":"IN-dhussian-LT","pid":8948,"log":"TelemetryReporter","level":40,"msg":"Insights logging in enabled. This can be disabled by setting SFDX_DISABLE_INSIGHTS=true","time":"2020-04-06T08:34:40.120Z","v":0}
{"name":"sfdx","hostname":"IN-dhussian-LT","pid":16224,"log":"SpawnedTelemetry","level":40,"msg":"Insights logging in enabled. This can be disabled by setting SFDX_DISABLE_INSIGHTS=true","time":"2020-04-06T08:35:38.606Z","v":0}
{"name":"sfdx","hostname":"IN-dhussian-LT","pid":16576,"log":"TelemetryReporter","level":40,"msg":"Insights logging in enabled. This can be disabled by setting SFDX_DISABLE_INSIGHTS=true","time":"2020-04-06T08:35:40.078Z","v":0}
{"name":"sfdx","hostname":"IN-dhussian-LT","pid":20992,"log":"SpawnedTelemetry","level":40,"msg":"Insights logging in enabled. This can be disabled by setting SFDX_DISABLE_INSIGHTS=true","time":"2020-04-06T08:36:51.814Z","v":0}
{"name":"sfdx","hostname":"IN-dhussian-LT","pid":3196,"log":"TelemetryReporter","level":40,"msg":"Insights logging in enabled. This can be disabled by setting SFDX_DISABLE_INSIGHTS=true","time":"2020-04-06T08:36:53.274Z","v":0}
{"name":"sfdx","hostname":"dilwarhussain-dev-ed.my.salesforce.com","pid":12068,"log":"connection","level":50,"errno":"ENOTFOUND","code":"ENOTFOUND","syscall":"getaddrinfo","host":"dilwarhussain-dev-ed.my.salesforce.com","port":443,"msg":"","time":"2020-06-06T05:28:54.279Z","v":0}
{"name":"sfdx","hostname":"IN-dhussian-LT","pid":12068,"log":"connection","level":40,"msg":"[ 'Failed to set the latest API version:',\n  { errno: 'ENOTFOUND',\n    code: 'ENOTFOUND',\n    syscall: 'getaddrinfo',\n    hostname: 'dilwarhussain-dev-ed.my.salesforce.com',\n    host: 'dilwarhussain-dev-ed.my.salesforce.com',\n    port: 443 } ]","time":"2020-06-06T05:28:54.281Z","v":0}
{"name":"sfdx","hostname":"IN-dhussian-LT","pid":29360,"log":"ForceCommand","level":50,"msg":"[ '\\u001b[1mERROR running force: \\u001b[22m',\n  '\\u001b[31mUnexpected argument: -help\\u001b[39m\\n\\u001b[31mSee more help with --help\\u001b[39m' ]","time":"2020-07-14T15:41:15.865Z","v":0}
{"name":"sfdx","hostname":"IN-dhussian-LT","pid":10800,"log":"DocListCommand","level":40,"msg":"[ '\\u001b[33mWARNING:\\u001b[39m',\n  'The command \"DocListCommand\" has been deprecated and will be removed in v49.0 or later. Use \"sfdx commands\" instead.' ]","time":"2020-07-14T15:42:04.919Z","v":0}
{"name":"sfdx","hostname":"IN-dhussian-LT","pid":33992,"log":"Project","level":50,"msg":"[ '\\u001b[1mERROR running force:project:create: \\u001b[22m',\n  '\\u001b[31mMissing required flag:\\u001b[39m\\n\\u001b[31m -n, --projectname PROJECTNAME  \\u001b[2mname of the generated project\\u001b[22m\\u001b[39m\\n\\u001b[31mSee more help with --help\\u001b[39m' ]","time":"2020-07-14T16:16:44.251Z","v":0}
{"name":"sfdx","hostname":"IN-dhussian-LT","pid":28540,"log":"OrgCreateCommand","level":50,"msg":"[ '\\u001b[1mERROR running force:org:create: \\u001b[22m',\n  '\\u001b[31mENOENT: no such file or directory, open \\'C:\\\\Users\\\\dhussain\\\\config\\\\project-scratch-def.json\\'\\u001b[39m' ]","time":"2020-07-14T16:19:32.275Z","v":0}
{"name":"sfdx","hostname":"IN-dhussian-LT","pid":14944,"log":"UX","level":40,"msg":"[ '\\u001b[33mWARNING:\\u001b[39m',\n  'We\\'re deprecating OrgPreferenceSettings. We\\'ve added the settings to other metadata types in Winter \\'20. You can continue to use OrgPreferenceSettings until they are replaced by their corresponding settings in Spring \\'20. But why wait? Here\\'s exactly what you need to update in the scratch org definition file.\\n\\nReplace the orgPreferenceSettings section:\\n{\\n    \"settings\": {\\n        \"orgPreferenceSettings\": {\\n            \"s1DesktopEnabled\": true,\\n            \"selfSetPasswordInApi\": true,\\n            \"s1EncryptedStoragePref2\": false\\n        }\\n    }\\n}\\nWith their updated settings:\\n{\\n    \"settings\": {\\n        \"lightningExperienceSettings\": {\\n            \"enableS1DesktopEnabled\": true\\n        },\\n        \"securitySettings\": {\\n            \"passwordPolicies\": {\\n                \"enableSetPasswordInApi\": true\\n            }\\n        },\\n        \"mobileSettings\": {\\n            \"enableS1EncryptedStoragePref2\": false\\n        }\\n    }\\n}\\nFor more info on configuring settings in a scratch org definition file see: \\nhttps://developer.salesforce.com/docs/atlas.en-us.sfdx_dev.meta/sfdx_dev/sfdx_dev_scratch_orgs.htm  \\n' ]","time":"2020-07-14T16:23:22.032Z","v":0}
{"name":"sfdx","hostname":"IN-dhussian-LT","pid":3468,"log":"SourcePushCommand","level":50,"msg":"[ '\\u001b[1mERROR running force:source:push: \\u001b[22m',\n  '\\u001b[31mThis command is required to run from within an SFDX project.\\u001b[39m' ]","time":"2020-07-14T16:28:34.710Z","v":0}
{"name":"AssertionError [ERR_ASSERTION]","hostname":"IN-dhussian-LT","pid":26628,"level":60,"generatedMessage":false,"code":"ERR_ASSERTION","actual":false,"expected":true,"operator":"==","msg":"","time":"2020-07-14T18:08:17.825Z","v":0}
{"name":"AssertionError [ERR_ASSERTION]","hostname":"IN-dhussian-LT","pid":31400,"level":60,"generatedMessage":false,"code":"ERR_ASSERTION","actual":false,"expected":true,"operator":"==","msg":"","time":"2020-07-14T18:08:59.784Z","v":0}
{"name":"AssertionError [ERR_ASSERTION]","hostname":"IN-dhussian-LT","pid":36748,"level":60,"generatedMessage":false,"code":"ERR_ASSERTION","actual":false,"expected":true,"operator":"==","msg":"","time":"2020-07-14T18:09:58.383Z","v":0}
{"name":"AssertionError [ERR_ASSERTION]","hostname":"IN-dhussian-LT","pid":21264,"level":60,"generatedMessage":false,"code":"ERR_ASSERTION","actual":false,"expected":true,"operator":"==","msg":"","time":"2020-07-14T18:13:42.393Z","v":0}
{"name":"AssertionError [ERR_ASSERTION]","hostname":"IN-dhussian-LT","pid":36240,"level":60,"generatedMessage":false,"code":"ERR_ASSERTION","actual":false,"expected":true,"operator":"==","msg":"","time":"2020-07-14T18:39:30.996Z","v":0}
{"name":"AssertionError [ERR_ASSERTION]","hostname":"IN-dhussian-LT","pid":15956,"level":60,"generatedMessage":false,"code":"ERR_ASSERTION","actual":false,"expected":true,"operator":"==","msg":"","time":"2020-07-14T18:40:01.755Z","v":0}
{"name":"AssertionError [ERR_ASSERTION]","hostname":"IN-dhussian-LT","pid":26484,"level":60,"generatedMessage":false,"code":"ERR_ASSERTION","actual":false,"expected":true,"operator":"==","msg":"","time":"2020-07-14T19:14:26.803Z","v":0}
{"name":"AssertionError [ERR_ASSERTION]","hostname":"IN-dhussian-LT","pid":16344,"level":60,"generatedMessage":false,"code":"ERR_ASSERTION","actual":false,"expected":true,"operator":"==","msg":"","time":"2020-07-14T19:15:22.357Z","v":0}
{"name":"AssertionError [ERR_ASSERTION]","hostname":"IN-dhussian-LT","pid":24544,"level":60,"generatedMessage":false,"code":"ERR_ASSERTION","actual":false,"expected":true,"operator":"==","msg":"","time":"2020-07-14T19:17:07.061Z","v":0}
{"name":"AssertionError [ERR_ASSERTION]","hostname":"IN-dhussian-LT","pid":9984,"level":60,"generatedMessage":false,"code":"ERR_ASSERTION","actual":false,"expected":true,"operator":"==","msg":"","time":"2020-07-14T19:19:20.623Z","v":0}
{"name":"AssertionError [ERR_ASSERTION]","hostname":"IN-dhussian-LT","pid":36176,"level":60,"generatedMessage":false,"code":"ERR_ASSERTION","actual":false,"expected":true,"operator":"==","msg":"","time":"2020-07-14T19:27:41.224Z","v":0}
{"name":"AssertionError [ERR_ASSERTION]","hostname":"IN-dhussian-LT","pid":8744,"level":60,"generatedMessage":false,"code":"ERR_ASSERTION","actual":false,"expected":true,"operator":"==","msg":"","time":"2020-07-14T19:28:48.850Z","v":0}
{"name":"AssertionError [ERR_ASSERTION]","hostname":"IN-dhussian-LT","pid":34160,"level":60,"generatedMessage":false,"code":"ERR_ASSERTION","actual":false,"expected":true,"operator":"==","msg":"","time":"2020-07-14T19:33:23.314Z","v":0}
{"name":"AssertionError [ERR_ASSERTION]","hostname":"IN-dhussian-LT","pid":3616,"level":60,"generatedMessage":false,"code":"ERR_ASSERTION","actual":false,"expected":true,"operator":"==","msg":"","time":"2020-07-14T19:34:53.705Z","v":0}
{"name":"AssertionError [ERR_ASSERTION]","hostname":"IN-dhussian-LT","pid":15548,"level":60,"generatedMessage":false,"code":"ERR_ASSERTION","actual":false,"expected":true,"operator":"==","msg":"","time":"2020-07-14T19:39:42.929Z","v":0}
{"name":"sfdx","hostname":"IN-dhussian-LT","pid":6324,"log":"DocListCommand","level":40,"msg":"[\n  '\\u001b[33mWARNING:\\u001b[39m',\n  'The command \"DocListCommand\" has been deprecated and will be removed in v49.0 or later. Use \"sfdx commands\" instead.'\n]","time":"2020-07-16T05:57:49.504Z","v":0}
{"name":"sfdx","hostname":"IN-dhussian-LT","pid":2056,"log":"AuthWebLoginCommand","level":50,"msg":"[\n  '\\u001b[1mERROR running force:auth:web:login: \\u001b[22m',\n  '\\u001b[31mUnexpected arguments: -u, DevHub\\u001b[39m\\n' +\n    '\\u001b[31mSee more help with --help\\u001b[39m'\n]","time":"2020-07-16T09:50:49.646Z","v":0}
{"name":"sfdx","hostname":"IN-dhussian-LT","pid":41300,"log":"AuthWebLoginCommand","level":50,"msg":"[\n  '\\u001b[1mERROR running force:auth:web:login: \\u001b[22m',\n  '\\u001b[31mUnexpected arguments: -u, dilwar48@gmail.com\\u001b[39m\\n' +\n    '\\u001b[31mSee more help with --help\\u001b[39m'\n]","time":"2020-07-16T09:51:14.113Z","v":0}
{"name":"sfdx","hostname":"IN-dhussian-LT","pid":43328,"log":"SfdxProjectJson","level":40,"msg":"The config file: C:\\Users\\dhussain\\.sfdx\\sfdx-project.json is not schema valid\nDue to: Validation errors:\nshould have required property 'packageDirectories'","time":"2020-07-16T14:58:29.763Z","v":0}
{"name":"sfdx","hostname":"IN-dhussian-LT","pid":43328,"log":"SfdxProjectJson","level":40,"msg":"The config file: C:\\Users\\dhussain\\.sfdx\\sfdx-project.json is not schema valid\nDue to: Validation errors:\nshould have required property 'packageDirectories'","time":"2020-07-16T14:58:29.776Z","v":0}
{"name":"sfdx","hostname":"IN-dhussian-LT","pid":43328,"log":"OrgDeleteCommand","level":50,"msg":"[\n  '\\u001b[1mERROR running force:org:delete: \\u001b[22m',\n  '\\u001b[31mNo org configuration found for name DilowarScratchOrg-org\\u001b[39m'\n]","time":"2020-07-16T14:58:29.789Z","v":0}
{"name":"sfdx","hostname":"IN-dhussian-LT","pid":22968,"log":"TelemetryReporter","level":40,"msg":"Connection to https://dc.services.visualstudio.com timed out after 1000 ms","time":"2020-07-16T14:59:21.918Z","v":0}
{"name":"sfdx","hostname":"IN-dhussian-LT","pid":8840,"log":"TelemetryReporter","level":40,"msg":"Connection to https://dc.services.visualstudio.com timed out after 1000 ms","time":"2020-07-16T15:35:11.473Z","v":0}
{"name":"sfdx","hostname":"IN-dhussian-LT","pid":24112,"log":"TelemetryReporter","level":40,"msg":"Connection to https://dc.services.visualstudio.com timed out after 1000 ms","time":"2020-07-17T10:55:43.313Z","v":0}
{"name":"sfdx","hostname":"IN-dhussian-LT","pid":31440,"log":"DocListCommand","level":40,"msg":"[\n  '\\u001b[33mWARNING:\\u001b[39m',\n  'The command \"DocListCommand\" has been deprecated and will be removed in v49.0 or later. Use \"sfdx commands\" instead.'\n]","time":"2020-07-20T09:44:40.504Z","v":0}
{"name":"sfdx","hostname":"IN-dhussian-LT","pid":34592,"log":"ForceCommand","level":50,"msg":"[\n  '\\u001b[1mERROR running force: \\u001b[22m',\n  '\\u001b[31mUnexpected argument: help\\u001b[39m\\n\\u001b[31mSee more help with --help\\u001b[39m'\n]","time":"2020-07-20T09:49:06.670Z","v":0}
{"name":"sfdx","hostname":"IN-dhussian-LT","pid":16868,"log":"DocListCommand","level":40,"msg":"[\n  '\\u001b[33mWARNING:\\u001b[39m',\n  'The command \"DocListCommand\" has been deprecated and will be removed in v49.0 or later. Use \"sfdx commands\" instead.'\n]","time":"2020-07-20T09:49:55.497Z","v":0}
